0 info it worked if it ends with ok
1 verbose cli [ '/Users/kdylan/.nvm/versions/node/v7.1.0/bin/node',
1 verbose cli   '/Users/kdylan/.nvm/versions/node/v7.1.0/bin/npm',
1 verbose cli   'run',
1 verbose cli   'test' ]
2 info using npm@3.10.9
3 info using node@v7.1.0
4 verbose run-script [ 'pretest', 'test', 'posttest' ]
5 info lifecycle easyclub@0.1.0~pretest: easyclub@0.1.0
6 silly lifecycle easyclub@0.1.0~pretest: no script for pretest, continuing
7 info lifecycle easyclub@0.1.0~test: easyclub@0.1.0
8 verbose lifecycle easyclub@0.1.0~test: unsafe-perm in lifecycle true
9 verbose lifecycle easyclub@0.1.0~test: PATH: /Users/kdylan/.nvm/versions/node/v7.1.0/lib/node_modules/npm/bin/node-gyp-bin:/Users/kdylan/Project/easyclub/node_modules/.bin:/Users/kdylan/.nvm/versions/node/v7.1.0/bin:/Users/kdylan/bin:/usr/local/bin:/usr/local/bin:/usr/bin:/bin:/usr/sbin:/sbin
10 verbose lifecycle easyclub@0.1.0~test: CWD: /Users/kdylan/Project/easyclub
11 silly lifecycle easyclub@0.1.0~test: Args: [ '-c', 'make test' ]
12 silly lifecycle easyclub@0.1.0~test: Returned: code: 2  signal: null
13 info lifecycle easyclub@0.1.0~test: Failed to exec test script
14 verbose stack Error: easyclub@0.1.0 test: `make test`
14 verbose stack Exit status 2
14 verbose stack     at EventEmitter.<anonymous> (/Users/kdylan/.nvm/versions/node/v7.1.0/lib/node_modules/npm/lib/utils/lifecycle.js:255:16)
14 verbose stack     at emitTwo (events.js:106:13)
14 verbose stack     at EventEmitter.emit (events.js:191:7)
14 verbose stack     at ChildProcess.<anonymous> (/Users/kdylan/.nvm/versions/node/v7.1.0/lib/node_modules/npm/lib/utils/spawn.js:40:14)
14 verbose stack     at emitTwo (events.js:106:13)
14 verbose stack     at ChildProcess.emit (events.js:191:7)
14 verbose stack     at maybeClose (internal/child_process.js:885:16)
14 verbose stack     at Process.ChildProcess._handle.onexit (internal/child_process.js:226:5)
15 verbose pkgid easyclub@0.1.0
16 verbose cwd /Users/kdylan/Project/easyclub
17 error Darwin 15.6.0
18 error argv "/Users/kdylan/.nvm/versions/node/v7.1.0/bin/node" "/Users/kdylan/.nvm/versions/node/v7.1.0/bin/npm" "run" "test"
19 error node v7.1.0
20 error npm  v3.10.9
21 error code ELIFECYCLE
22 error easyclub@0.1.0 test: `make test`
22 error Exit status 2
23 error Failed at the easyclub@0.1.0 test script 'make test'.
23 error Make sure you have the latest version of node.js and npm installed.
23 error If you do, this is most likely a problem with the easyclub package,
23 error not with npm itself.
23 error Tell the author that this fails on your system:
23 error     make test
23 error You can get information on how to open an issue for this project with:
23 error     npm bugs easyclub
23 error Or if that isn't available, you can get their info via:
23 error     npm owner ls easyclub
23 error There is likely additional logging output above.
24 verbose exit [ 1, true ]
